<?xml version="1.0" encoding="UTF-8"?>
<!-- Generated by org.testng.reporters.JUnitXMLReporter -->
<testsuite ignored="0" hostname="BSC-PG02J2MB" failures="1" tests="9" name="Saucedemo Tests" time="60.594" errors="0" timestamp="2026-04-13T05:59:18 IST">
  <testcase classname="com.saucedemo.testCases.TC_001_LoginTest" name="verify_ValidLogin" time="0.363">
    <failure type="java.lang.AssertionError" message="Valid login failed - not on inventory page expected [true] but found [false]">
      <![CDATA[java.lang.AssertionError: Valid login failed - not on inventory page expected [true] but found [false]
at com.saucedemo.testCases.TC_001_LoginTest.verify_ValidLogin(TC_001_LoginTest.java:24)
at java.base/java.util.ArrayList.forEach(ArrayList.java:1596)
... Removed 28 stack frames]]>
    </failure>
  </testcase> <!-- verify_ValidLogin -->
  <testcase classname="com.saucedemo.testCases.TC_001_LoginTest" name="verify_InvalidLogin" time="0.327"/>
  <testcase classname="com.saucedemo.testCases.TC_001_LoginTest" name="verify_EmptyFieldsLogin" time="0.156"/>
  <testcase classname="com.saucedemo.testCases.TC_002_AddToCartTest" name="verify_AddProductsToCart" time="8.69"/>
  <testcase classname="com.saucedemo.testCases.TC_003_CheckoutTest" name="verify_CheckoutFlow" time="17.542"/>
  <testcase classname="com.saucedemo.testCases.TC_004_EndToEndTest" name="verify_CompletePurchaseFlow" time="18.498"/>
  <testcase classname="com.saucedemo.testCases.TC_005_DataDrivenLoginTest" name="verify_LoginWithMultipleUsers" time="0.465"/>
  <testcase classname="com.saucedemo.testCases.TC_005_DataDrivenLoginTest" name="verify_LoginWithMultipleUsers" time="0.294"/>
  <testcase classname="com.saucedemo.testCases.TC_005_DataDrivenLoginTest" name="verify_LoginWithMultipleUsers" time="0.254"/>
</testsuite> <!-- Saucedemo Tests -->
