<?xml version="1.0" encoding="UTF-8"?>
<!-- Generated by org.testng.reporters.JUnitXMLReporter -->
<testsuite ignored="0" hostname="BSC-PG02J2MB" failures="0" tests="9" name="Saucedemo Tests" time="58.665" errors="0" timestamp="2026-04-13T05:35:36 IST">
  <testcase classname="com.saucedemo.testCases.TC_001_LoginTest" name="verify_ValidLogin" time="0.453"/>
  <testcase classname="com.saucedemo.testCases.TC_001_LoginTest" name="verify_InvalidLogin" time="0.302"/>
  <testcase classname="com.saucedemo.testCases.TC_001_LoginTest" name="verify_EmptyFieldsLogin" time="0.095"/>
  <testcase classname="com.saucedemo.testCases.TC_002_AddToCartTest" name="verify_AddProductsToCart" time="8.67"/>
  <testcase classname="com.saucedemo.testCases.TC_003_CheckoutTest" name="verify_CheckoutFlow" time="17.505"/>
  <testcase classname="com.saucedemo.testCases.TC_004_EndToEndTest" name="verify_CompletePurchaseFlow" time="18.487"/>
  <testcase classname="com.saucedemo.testCases.TC_005_DataDrivenLoginTest" name="verify_LoginWithMultipleUsers" time="0.416"/>
  <testcase classname="com.saucedemo.testCases.TC_005_DataDrivenLoginTest" name="verify_LoginWithMultipleUsers" time="0.301"/>
  <testcase classname="com.saucedemo.testCases.TC_005_DataDrivenLoginTest" name="verify_LoginWithMultipleUsers" time="0.254"/>
</testsuite> <!-- Saucedemo Tests -->
