<?xml version="1.0" encoding="UTF-8"?>
<!-- Generated by org.testng.reporters.JUnitReportReporter -->
<testsuite hostname="BSC-PG02J2MB" failures="0" tests="3"
	name="tests.TC001_LoginTest" time="7.864" errors="0"
	timestamp="2026-04-23T21:01:43 IST" skipped="0">
	<testcase classname="tests.TC001_LoginTest"
		name="dataDriverLoginTest" time="3.479" />
	<testcase classname="tests.TC001_LoginTest"
		name="dataDriverLoginTest" time="2.239" />
	<testcase classname="tests.TC001_LoginTest"
		name="dataDriverLoginTest" time="2.146" />
</testsuite> <!-- tests.TC001_LoginTest -->
