<?xml version="1.0" encoding="UTF-8"?>
<!-- Generated by org.testng.reporters.JUnitReportReporter -->
<testsuite hostname="BSC-PG02J2MB" failures="0" tests="3" name="tests.TC001_LoginTest" time="11.172" errors="0" timestamp="2026-04-13T22:50:40 IST" skipped="0">
  <testcase classname="tests.TC001_LoginTest" name="dataDriverLoginTest" time="4.053"/>
  <testcase classname="tests.TC001_LoginTest" name="dataDriverLoginTest" time="3.432"/>
  <testcase classname="tests.TC001_LoginTest" name="dataDriverLoginTest" time="3.687"/>
</testsuite> <!-- tests.TC001_LoginTest -->
