<?xml version="1.0" encoding="UTF-8"?>
<testng-results ignored="0" total="5" passed="5"
	failed="0" skipped="0">
	<reporter-output>
	</reporter-output>
	<suite started-at="2026-04-23T21:01:29 IST"
		name="Saucedemo Test Suite" finished-at="2026-04-23T21:01:43 IST"
		duration-ms="13652">
		<groups>
		</groups>
		<test started-at="2026-04-23T21:01:29 IST" name="Saucedemo Tests"
			finished-at="2026-04-23T21:01:43 IST" duration-ms="13652">
			<class name="tests.TC003_CheckoutTest">
				<test-method is-config="true"
					signature="setUp()[pri:0, instance:tests.TC003_CheckoutTest@411f53a0]"
					started-at="2026-04-23T21:01:40 IST" name="setUp"
					finished-at="2026-04-23T21:01:41 IST" duration-ms="1503"
					status="PASS">
					<reporter-output>
					</reporter-output>
				</test-method> <!-- setUp -->
				<test-method
					signature="checkoutTest()[pri:0, instance:tests.TC003_CheckoutTest@411f53a0]"
					started-at="2026-04-23T21:01:41 IST" name="checkoutTest"
					finished-at="2026-04-23T21:01:43 IST" duration-ms="1291"
					status="PASS">
					<reporter-output>
					</reporter-output>
				</test-method> <!-- checkoutTest -->
				<test-method is-config="true"
					signature="tearDown()[pri:0, instance:tests.TC003_CheckoutTest@411f53a0]"
					started-at="2026-04-23T21:01:43 IST" name="tearDown"
					finished-at="2026-04-23T21:01:43 IST" duration-ms="125"
					status="PASS">
					<reporter-output>
					</reporter-output>
				</test-method> <!-- tearDown -->
			</class> <!-- tests.TC003_CheckoutTest -->
			<class name="tests.TC002_AddToCartTest">
				<test-method is-config="true"
					signature="setUp()[pri:0, instance:tests.TC002_AddToCartTest@6b2ea799]"
					started-at="2026-04-23T21:01:37 IST" name="setUp"
					finished-at="2026-04-23T21:01:39 IST" duration-ms="1492"
					status="PASS">
					<reporter-output>
					</reporter-output>
				</test-method> <!-- setUp -->
				<test-method
					signature="addItemsToCartTest()[pri:0, instance:tests.TC002_AddToCartTest@6b2ea799]"
					started-at="2026-04-23T21:01:39 IST" name="addItemsToCartTest"
					finished-at="2026-04-23T21:01:40 IST" duration-ms="684"
					status="PASS">
					<reporter-output>
					</reporter-output>
				</test-method> <!-- addItemsToCartTest -->
				<test-method is-config="true"
					signature="tearDown()[pri:0, instance:tests.TC002_AddToCartTest@6b2ea799]"
					started-at="2026-04-23T21:01:40 IST" name="tearDown"
					finished-at="2026-04-23T21:01:40 IST" duration-ms="203"
					status="PASS">
					<reporter-output>
					</reporter-output>
				</test-method> <!-- tearDown -->
			</class> <!-- tests.TC002_AddToCartTest -->
			<class name="tests.TC001_LoginTest">
				<test-method is-config="true"
					signature="setUp()[pri:0, instance:tests.TC001_LoginTest@6aeb35e6]"
					started-at="2026-04-23T21:01:29 IST" name="setUp"
					finished-at="2026-04-23T21:01:32 IST" duration-ms="2767"
					status="PASS">
					<reporter-output>
					</reporter-output>
				</test-method> <!-- setUp -->
				<test-method
					signature="dataDriverLoginTest(java.lang.String,java.lang.String,java.lang.String)[pri:0, instance:tests.TC001_LoginTest@6aeb35e6]"
					started-at="2026-04-23T21:01:32 IST" name="dataDriverLoginTest"
					data-provider="loginData" finished-at="2026-04-23T21:01:33 IST"
					duration-ms="516" status="PASS">
					<params>
						<param index="0">
							<value>
                <![CDATA[standard_user]]>
							</value>
						</param>
						<param index="1">
							<value>
                <![CDATA[secret_sauce]]>
							</value>
						</param>
						<param index="2">
							<value>
                <![CDATA[pass]]>
							</value>
						</param>
					</params>
					<reporter-output>
					</reporter-output>
				</test-method> <!-- dataDriverLoginTest -->
				<test-method is-config="true"
					signature="tearDown()[pri:0, instance:tests.TC001_LoginTest@6aeb35e6]"
					started-at="2026-04-23T21:01:33 IST" name="tearDown"
					finished-at="2026-04-23T21:01:33 IST" duration-ms="201"
					status="PASS">
					<reporter-output>
					</reporter-output>
				</test-method> <!-- tearDown -->
				<test-method is-config="true"
					signature="setUp()[pri:0, instance:tests.TC001_LoginTest@6aeb35e6]"
					started-at="2026-04-23T21:01:33 IST" name="setUp"
					finished-at="2026-04-23T21:01:34 IST" duration-ms="1461"
					status="PASS">
					<reporter-output>
					</reporter-output>
				</test-method> <!-- setUp -->
				<test-method
					signature="dataDriverLoginTest(java.lang.String,java.lang.String,java.lang.String)[pri:0, instance:tests.TC001_LoginTest@6aeb35e6]"
					started-at="2026-04-23T21:01:34 IST" name="dataDriverLoginTest"
					data-provider="loginData" finished-at="2026-04-23T21:01:35 IST"
					duration-ms="565" status="PASS">
					<params>
						<param index="0">
							<value>
                <![CDATA[locked_out_user]]>
							</value>
						</param>
						<param index="1">
							<value>
                <![CDATA[secret_sauce]]>
							</value>
						</param>
						<param index="2">
							<value>
                <![CDATA[fail]]>
							</value>
						</param>
					</params>
					<reporter-output>
					</reporter-output>
				</test-method> <!-- dataDriverLoginTest -->
				<test-method is-config="true"
					signature="tearDown()[pri:0, instance:tests.TC001_LoginTest@6aeb35e6]"
					started-at="2026-04-23T21:01:35 IST" name="tearDown"
					finished-at="2026-04-23T21:01:35 IST" duration-ms="169"
					status="PASS">
					<reporter-output>
					</reporter-output>
				</test-method> <!-- tearDown -->
				<test-method is-config="true"
					signature="setUp()[pri:0, instance:tests.TC001_LoginTest@6aeb35e6]"
					started-at="2026-04-23T21:01:35 IST" name="setUp"
					finished-at="2026-04-23T21:01:37 IST" duration-ms="1493"
					status="PASS">
					<reporter-output>
					</reporter-output>
				</test-method> <!-- setUp -->
				<test-method
					signature="dataDriverLoginTest(java.lang.String,java.lang.String,java.lang.String)[pri:0, instance:tests.TC001_LoginTest@6aeb35e6]"
					started-at="2026-04-23T21:01:37 IST" name="dataDriverLoginTest"
					data-provider="loginData" finished-at="2026-04-23T21:01:37 IST"
					duration-ms="545" status="PASS">
					<params>
						<param index="0">
							<value>
                <![CDATA[invalid_user]]>
							</value>
						</param>
						<param index="1">
							<value>
                <![CDATA[wrongpassword]]>
							</value>
						</param>
						<param index="2">
							<value>
                <![CDATA[fail]]>
							</value>
						</param>
					</params>
					<reporter-output>
					</reporter-output>
				</test-method> <!-- dataDriverLoginTest -->
				<test-method is-config="true"
					signature="tearDown()[pri:0, instance:tests.TC001_LoginTest@6aeb35e6]"
					started-at="2026-04-23T21:01:37 IST" name="tearDown"
					finished-at="2026-04-23T21:01:37 IST" duration-ms="147"
					status="PASS">
					<reporter-output>
					</reporter-output>
				</test-method> <!-- tearDown -->
			</class> <!-- tests.TC001_LoginTest -->
		</test> <!-- Saucedemo Tests -->
	</suite> <!-- Saucedemo Test Suite -->
</testng-results>
