<?xml version="1.0" encoding="UTF-8"?>
<testng-results ignored="0" total="5" passed="5" failed="0" skipped="0">
  <reporter-output>
  </reporter-output>
  <suite started-at="2026-04-13T22:50:08 IST" name="Saucedemo Test Suite" finished-at="2026-04-13T22:50:40 IST" duration-ms="31326">
    <groups>
    </groups>
    <test started-at="2026-04-13T22:50:08 IST" name="Saucedemo Tests" finished-at="2026-04-13T22:50:40 IST" duration-ms="31326">
      <class name="tests.TC003_CheckoutTest">
        <test-method is-config="true" signature="setUp()[pri:0, instance:tests.TC003_CheckoutTest@411f53a0]" started-at="2026-04-13T22:50:26 IST" name="setUp" finished-at="2026-04-13T22:50:38 IST" duration-ms="12659" status="PASS">
          <reporter-output>
          </reporter-output>
        </test-method> <!-- setUp -->
        <test-method signature="checkoutTest()[pri:0, instance:tests.TC003_CheckoutTest@411f53a0]" started-at="2026-04-13T22:50:38 IST" name="checkoutTest" finished-at="2026-04-13T22:50:40 IST" duration-ms="1372" status="PASS">
          <reporter-output>
          </reporter-output>
        </test-method> <!-- checkoutTest -->
        <test-method is-config="true" signature="tearDown()[pri:0, instance:tests.TC003_CheckoutTest@411f53a0]" started-at="2026-04-13T22:50:40 IST" name="tearDown" finished-at="2026-04-13T22:50:40 IST" duration-ms="156" status="PASS">
          <reporter-output>
          </reporter-output>
        </test-method> <!-- tearDown -->
      </class> <!-- tests.TC003_CheckoutTest -->
      <class name="tests.TC002_AddToCartTest">
        <test-method is-config="true" signature="setUp()[pri:0, instance:tests.TC002_AddToCartTest@6b2ea799]" started-at="2026-04-13T22:50:20 IST" name="setUp" finished-at="2026-04-13T22:50:25 IST" duration-ms="4879" status="PASS">
          <reporter-output>
          </reporter-output>
        </test-method> <!-- setUp -->
        <test-method signature="addItemsToCartTest()[pri:0, instance:tests.TC002_AddToCartTest@6b2ea799]" started-at="2026-04-13T22:50:25 IST" name="addItemsToCartTest" finished-at="2026-04-13T22:50:25 IST" duration-ms="626" status="PASS">
          <reporter-output>
          </reporter-output>
        </test-method> <!-- addItemsToCartTest -->
        <test-method is-config="true" signature="tearDown()[pri:0, instance:tests.TC002_AddToCartTest@6b2ea799]" started-at="2026-04-13T22:50:25 IST" name="tearDown" finished-at="2026-04-13T22:50:26 IST" duration-ms="143" status="PASS">
          <reporter-output>
          </reporter-output>
        </test-method> <!-- tearDown -->
      </class> <!-- tests.TC002_AddToCartTest -->
      <class name="tests.TC001_LoginTest">
        <test-method is-config="true" signature="setUp()[pri:0, instance:tests.TC001_LoginTest@6aeb35e6]" started-at="2026-04-13T22:50:09 IST" name="setUp" finished-at="2026-04-13T22:50:12 IST" duration-ms="2834" status="PASS">
          <reporter-output>
          </reporter-output>
        </test-method> <!-- setUp -->
        <test-method signature="dataDriverLoginTest(java.lang.String,java.lang.String,java.lang.String)[pri:0, instance:tests.TC001_LoginTest@6aeb35e6]" started-at="2026-04-13T22:50:12 IST" name="dataDriverLoginTest" data-provider="loginData" finished-at="2026-04-13T22:50:12 IST" duration-ms="456" status="PASS">
          <params>
            <param index="0">
              <value>
                <![CDATA[standard_user]]>
              </value>
            </param>
            <param index="1">
              <value>
                <![CDATA[secret_sauce]]>
              </value>
            </param>
            <param index="2">
              <value>
                <![CDATA[pass]]>
              </value>
            </param>
          </params>
          <reporter-output>
          </reporter-output>
        </test-method> <!-- dataDriverLoginTest -->
        <test-method is-config="true" signature="tearDown()[pri:0, instance:tests.TC001_LoginTest@6aeb35e6]" started-at="2026-04-13T22:50:12 IST" name="tearDown" finished-at="2026-04-13T22:50:12 IST" duration-ms="148" status="PASS">
          <reporter-output>
          </reporter-output>
        </test-method> <!-- tearDown -->
        <test-method is-config="true" signature="setUp()[pri:0, instance:tests.TC001_LoginTest@6aeb35e6]" started-at="2026-04-13T22:50:12 IST" name="setUp" finished-at="2026-04-13T22:50:16 IST" duration-ms="3346" status="PASS">
          <reporter-output>
          </reporter-output>
        </test-method> <!-- setUp -->
        <test-method signature="dataDriverLoginTest(java.lang.String,java.lang.String,java.lang.String)[pri:0, instance:tests.TC001_LoginTest@6aeb35e6]" started-at="2026-04-13T22:50:16 IST" name="dataDriverLoginTest" data-provider="loginData" finished-at="2026-04-13T22:50:16 IST" duration-ms="570" status="PASS">
          <params>
            <param index="0">
              <value>
                <![CDATA[locked_out_user]]>
              </value>
            </param>
            <param index="1">
              <value>
                <![CDATA[secret_sauce]]>
              </value>
            </param>
            <param index="2">
              <value>
                <![CDATA[fail]]>
              </value>
            </param>
          </params>
          <reporter-output>
          </reporter-output>
        </test-method> <!-- dataDriverLoginTest -->
        <test-method is-config="true" signature="tearDown()[pri:0, instance:tests.TC001_LoginTest@6aeb35e6]" started-at="2026-04-13T22:50:16 IST" name="tearDown" finished-at="2026-04-13T22:50:16 IST" duration-ms="136" status="PASS">
          <reporter-output>
          </reporter-output>
        </test-method> <!-- tearDown -->
        <test-method is-config="true" signature="setUp()[pri:0, instance:tests.TC001_LoginTest@6aeb35e6]" started-at="2026-04-13T22:50:16 IST" name="setUp" finished-at="2026-04-13T22:50:19 IST" duration-ms="3095" status="PASS">
          <reporter-output>
          </reporter-output>
        </test-method> <!-- setUp -->
        <test-method signature="dataDriverLoginTest(java.lang.String,java.lang.String,java.lang.String)[pri:0, instance:tests.TC001_LoginTest@6aeb35e6]" started-at="2026-04-13T22:50:19 IST" name="dataDriverLoginTest" data-provider="loginData" finished-at="2026-04-13T22:50:20 IST" duration-ms="450" status="PASS">
          <params>
            <param index="0">
              <value>
                <![CDATA[invalid_user]]>
              </value>
            </param>
            <param index="1">
              <value>
                <![CDATA[wrongpassword]]>
              </value>
            </param>
            <param index="2">
              <value>
                <![CDATA[fail]]>
              </value>
            </param>
          </params>
          <reporter-output>
          </reporter-output>
        </test-method> <!-- dataDriverLoginTest -->
        <test-method is-config="true" signature="tearDown()[pri:0, instance:tests.TC001_LoginTest@6aeb35e6]" started-at="2026-04-13T22:50:20 IST" name="tearDown" finished-at="2026-04-13T22:50:20 IST" duration-ms="137" status="PASS">
          <reporter-output>
          </reporter-output>
        </test-method> <!-- tearDown -->
      </class> <!-- tests.TC001_LoginTest -->
    </test> <!-- Saucedemo Tests -->
  </suite> <!-- Saucedemo Test Suite -->
</testng-results>
