<?xml version="1.0" encoding="UTF-8"?>
<!-- Generated by org.testng.reporters.JUnitXMLReporter -->
<testsuite ignored="0" hostname="BSC-PG02J2MB" failures="0"
	tests="5" name="Saucedemo Tests" time="13.652" errors="0"
	timestamp="2026-04-23T21:01:43 IST">
	<testcase classname="tests.TC001_LoginTest"
		name="dataDriverLoginTest" time="0.516" />
	<testcase classname="tests.TC001_LoginTest"
		name="dataDriverLoginTest" time="0.565" />
	<testcase classname="tests.TC001_LoginTest"
		name="dataDriverLoginTest" time="0.545" />
	<testcase classname="tests.TC002_AddToCartTest"
		name="addItemsToCartTest" time="0.684" />
	<testcase classname="tests.TC003_CheckoutTest"
		name="checkoutTest" time="1.291" />
</testsuite> <!-- Saucedemo Tests -->
