<?xml version="1.0" encoding="UTF-8"?>
<!-- Generated by org.testng.reporters.JUnitXMLReporter -->
<testsuite ignored="0" hostname="BSC-PG02J2MB" failures="0" tests="5" name="Saucedemo Tests" time="31.326" errors="0" timestamp="2026-04-13T22:50:40 IST">
  <testcase classname="tests.TC001_LoginTest" name="dataDriverLoginTest" time="0.456"/>
  <testcase classname="tests.TC001_LoginTest" name="dataDriverLoginTest" time="0.57"/>
  <testcase classname="tests.TC001_LoginTest" name="dataDriverLoginTest" time="0.45"/>
  <testcase classname="tests.TC002_AddToCartTest" name="addItemsToCartTest" time="0.626"/>
  <testcase classname="tests.TC003_CheckoutTest" name="checkoutTest" time="1.372"/>
</testsuite> <!-- Saucedemo Tests -->
