<?xml version="1.0" encoding="UTF-8"?>
<!-- Generated by org.testng.reporters.JUnitReportReporter -->
<testsuite hostname="BSC-PG02J2MB" failures="0" tests="3" name="com.saucedemo.testCases.TC_001_LoginTest" time="0.850" errors="0" timestamp="2026-04-13T05:35:36 IST" skipped="0">
  <testcase classname="com.saucedemo.testCases.TC_001_LoginTest" name="verify_ValidLogin" time="0.453"/>
  <testcase classname="com.saucedemo.testCases.TC_001_LoginTest" name="verify_InvalidLogin" time="0.302"/>
  <testcase classname="com.saucedemo.testCases.TC_001_LoginTest" name="verify_EmptyFieldsLogin" time="0.095"/>
</testsuite> <!-- com.saucedemo.testCases.TC_001_LoginTest -->
