<?xml version="1.0" encoding="UTF-8"?>
<!-- Generated by org.testng.reporters.JUnitReportReporter -->
<testsuite hostname="BSC-PG02J2MB" failures="0" tests="3" name="com.saucedemo.testCases.TC_005_DataDrivenLoginTest" time="0.971" errors="0" timestamp="2026-04-13T05:35:36 IST" skipped="0">
  <testcase classname="com.saucedemo.testCases.TC_005_DataDrivenLoginTest" name="verify_LoginWithMultipleUsers" time="0.301"/>
  <testcase classname="com.saucedemo.testCases.TC_005_DataDrivenLoginTest" name="verify_LoginWithMultipleUsers" time="0.254"/>
  <testcase classname="com.saucedemo.testCases.TC_005_DataDrivenLoginTest" name="verify_LoginWithMultipleUsers" time="0.416"/>
</testsuite> <!-- com.saucedemo.testCases.TC_005_DataDrivenLoginTest -->
