<?xml version="1.0" encoding="UTF-8"?>
<!-- Generated by org.testng.reporters.JUnitXMLReporter -->
<testsuite ignored="0" hostname="BSC-PG02J2MB" failures="0" tests="3" name="Default test" time="5.087" errors="0" timestamp="2026-04-13T05:30:20 IST">
  <testcase classname="com.saucedemo.testCases.TC_005_DataDrivenLoginTest" name="verify_LoginWithMultipleUsers" time="0.618"/>
  <testcase classname="com.saucedemo.testCases.TC_005_DataDrivenLoginTest" name="verify_LoginWithMultipleUsers" time="0.308"/>
  <testcase classname="com.saucedemo.testCases.TC_005_DataDrivenLoginTest" name="verify_LoginWithMultipleUsers" time="0.259"/>
</testsuite> <!-- Default test -->
