<?xml version="1.0" encoding="UTF-8"?>
<testng-results ignored="0" total="9" passed="9" failed="0" skipped="0">
  <reporter-output>
  </reporter-output>
  <suite started-at="2026-04-13T05:34:37 IST" name="Saucedemo Test Suite" finished-at="2026-04-13T05:35:36 IST" duration-ms="58665">
    <groups>
    </groups>
    <test started-at="2026-04-13T05:34:37 IST" name="Saucedemo Tests" finished-at="2026-04-13T05:35:36 IST" duration-ms="58665">
      <class name="com.saucedemo.testCases.TC_005_DataDrivenLoginTest">
        <test-method is-config="true" signature="setup()[pri:0, instance:com.saucedemo.testCases.TC_005_DataDrivenLoginTest@44e3a2b2]" started-at="2026-04-13T05:35:32 IST" name="setup" finished-at="2026-04-13T05:35:34 IST" duration-ms="1471" status="PASS">
          <reporter-output>
          </reporter-output>
        </test-method> <!-- setup -->
        <test-method signature="verify_LoginWithMultipleUsers(java.lang.String,java.lang.String,java.lang.String)[pri:0, instance:com.saucedemo.testCases.TC_005_DataDrivenLoginTest@44e3a2b2]" started-at="2026-04-13T05:35:35 IST" name="verify_LoginWithMultipleUsers" data-provider="getLoginData" finished-at="2026-04-13T05:35:35 IST" duration-ms="416" status="PASS">
          <params>
            <param index="0">
              <value>
                <![CDATA[standard_user]]>
              </value>
            </param>
            <param index="1">
              <value>
                <![CDATA[secret_sauce]]>
              </value>
            </param>
            <param index="2">
              <value>
                <![CDATA[pass]]>
              </value>
            </param>
          </params>
          <reporter-output>
          </reporter-output>
        </test-method> <!-- verify_LoginWithMultipleUsers -->
        <test-method signature="verify_LoginWithMultipleUsers(java.lang.String,java.lang.String,java.lang.String)[pri:0, instance:com.saucedemo.testCases.TC_005_DataDrivenLoginTest@44e3a2b2]" started-at="2026-04-13T05:35:35 IST" name="verify_LoginWithMultipleUsers" data-provider="getLoginData" finished-at="2026-04-13T05:35:35 IST" duration-ms="301" status="PASS">
          <params>
            <param index="0">
              <value>
                <![CDATA[locked_out_user]]>
              </value>
            </param>
            <param index="1">
              <value>
                <![CDATA[secret_sauce]]>
              </value>
            </param>
            <param index="2">
              <value>
                <![CDATA[fail]]>
              </value>
            </param>
          </params>
          <reporter-output>
          </reporter-output>
        </test-method> <!-- verify_LoginWithMultipleUsers -->
        <test-method signature="verify_LoginWithMultipleUsers(java.lang.String,java.lang.String,java.lang.String)[pri:0, instance:com.saucedemo.testCases.TC_005_DataDrivenLoginTest@44e3a2b2]" started-at="2026-04-13T05:35:35 IST" name="verify_LoginWithMultipleUsers" data-provider="getLoginData" finished-at="2026-04-13T05:35:36 IST" duration-ms="254" status="PASS">
          <params>
            <param index="0">
              <value>
                <![CDATA[wrong_user]]>
              </value>
            </param>
            <param index="1">
              <value>
                <![CDATA[wrong_pass]]>
              </value>
            </param>
            <param index="2">
              <value>
                <![CDATA[fail]]>
              </value>
            </param>
          </params>
          <reporter-output>
          </reporter-output>
        </test-method> <!-- verify_LoginWithMultipleUsers -->
        <test-method is-config="true" signature="tearDown()[pri:0, instance:com.saucedemo.testCases.TC_005_DataDrivenLoginTest@44e3a2b2]" started-at="2026-04-13T05:35:36 IST" name="tearDown" finished-at="2026-04-13T05:35:36 IST" duration-ms="174" status="PASS">
          <reporter-output>
          </reporter-output>
        </test-method> <!-- tearDown -->
      </class> <!-- com.saucedemo.testCases.TC_005_DataDrivenLoginTest -->
      <class name="com.saucedemo.testCases.TC_002_AddToCartTest">
        <test-method is-config="true" signature="setup()[pri:0, instance:com.saucedemo.testCases.TC_002_AddToCartTest@753432a2]" started-at="2026-04-13T05:34:41 IST" name="setup" finished-at="2026-04-13T05:34:43 IST" duration-ms="1893" status="PASS">
          <reporter-output>
          </reporter-output>
        </test-method> <!-- setup -->
        <test-method signature="verify_AddProductsToCart()[pri:1, instance:com.saucedemo.testCases.TC_002_AddToCartTest@753432a2]" started-at="2026-04-13T05:34:43 IST" name="verify_AddProductsToCart" finished-at="2026-04-13T05:34:52 IST" duration-ms="8670" status="PASS">
          <reporter-output>
          </reporter-output>
        </test-method> <!-- verify_AddProductsToCart -->
        <test-method is-config="true" signature="tearDown()[pri:0, instance:com.saucedemo.testCases.TC_002_AddToCartTest@753432a2]" started-at="2026-04-13T05:34:52 IST" name="tearDown" finished-at="2026-04-13T05:34:52 IST" duration-ms="216" status="PASS">
          <reporter-output>
          </reporter-output>
        </test-method> <!-- tearDown -->
      </class> <!-- com.saucedemo.testCases.TC_002_AddToCartTest -->
      <class name="com.saucedemo.testCases.TC_004_EndToEndTest">
        <test-method is-config="true" signature="setup()[pri:0, instance:com.saucedemo.testCases.TC_004_EndToEndTest@4983159f]" started-at="2026-04-13T05:35:11 IST" name="setup" finished-at="2026-04-13T05:35:14 IST" duration-ms="2127" status="PASS">
          <reporter-output>
          </reporter-output>
        </test-method> <!-- setup -->
        <test-method signature="verify_CompletePurchaseFlow()[pri:0, instance:com.saucedemo.testCases.TC_004_EndToEndTest@4983159f]" started-at="2026-04-13T05:35:14 IST" name="verify_CompletePurchaseFlow" finished-at="2026-04-13T05:35:32 IST" duration-ms="18487" status="PASS">
          <reporter-output>
          </reporter-output>
        </test-method> <!-- verify_CompletePurchaseFlow -->
        <test-method is-config="true" signature="tearDown()[pri:0, instance:com.saucedemo.testCases.TC_004_EndToEndTest@4983159f]" started-at="2026-04-13T05:35:32 IST" name="tearDown" finished-at="2026-04-13T05:35:32 IST" duration-ms="211" status="PASS">
          <reporter-output>
          </reporter-output>
        </test-method> <!-- tearDown -->
      </class> <!-- com.saucedemo.testCases.TC_004_EndToEndTest -->
      <class name="com.saucedemo.testCases.TC_003_CheckoutTest">
        <test-method is-config="true" signature="setup()[pri:0, instance:com.saucedemo.testCases.TC_003_CheckoutTest@23bff419]" started-at="2026-04-13T05:34:52 IST" name="setup" finished-at="2026-04-13T05:34:54 IST" duration-ms="1868" status="PASS">
          <reporter-output>
          </reporter-output>
        </test-method> <!-- setup -->
        <test-method signature="verify_CheckoutFlow()[pri:0, instance:com.saucedemo.testCases.TC_003_CheckoutTest@23bff419]" started-at="2026-04-13T05:34:54 IST" name="verify_CheckoutFlow" finished-at="2026-04-13T05:35:11 IST" duration-ms="17505" status="PASS">
          <reporter-output>
          </reporter-output>
        </test-method> <!-- verify_CheckoutFlow -->
        <test-method is-config="true" signature="tearDown()[pri:0, instance:com.saucedemo.testCases.TC_003_CheckoutTest@23bff419]" started-at="2026-04-13T05:35:11 IST" name="tearDown" finished-at="2026-04-13T05:35:11 IST" duration-ms="209" status="PASS">
          <reporter-output>
          </reporter-output>
        </test-method> <!-- tearDown -->
      </class> <!-- com.saucedemo.testCases.TC_003_CheckoutTest -->
      <class name="com.saucedemo.testCases.TC_001_LoginTest">
        <test-method is-config="true" signature="setup()[pri:0, instance:com.saucedemo.testCases.TC_001_LoginTest@56303b57]" started-at="2026-04-13T05:34:37 IST" name="setup" finished-at="2026-04-13T05:34:40 IST" duration-ms="2659" status="PASS">
          <reporter-output>
          </reporter-output>
        </test-method> <!-- setup -->
        <test-method signature="verify_ValidLogin()[pri:1, instance:com.saucedemo.testCases.TC_001_LoginTest@56303b57]" started-at="2026-04-13T05:34:40 IST" name="verify_ValidLogin" finished-at="2026-04-13T05:34:40 IST" duration-ms="453" status="PASS">
          <reporter-output>
          </reporter-output>
        </test-method> <!-- verify_ValidLogin -->
        <test-method signature="verify_InvalidLogin()[pri:2, instance:com.saucedemo.testCases.TC_001_LoginTest@56303b57]" started-at="2026-04-13T05:34:40 IST" name="verify_InvalidLogin" finished-at="2026-04-13T05:34:41 IST" duration-ms="302" status="PASS">
          <reporter-output>
          </reporter-output>
        </test-method> <!-- verify_InvalidLogin -->
        <test-method signature="verify_EmptyFieldsLogin()[pri:3, instance:com.saucedemo.testCases.TC_001_LoginTest@56303b57]" started-at="2026-04-13T05:34:41 IST" name="verify_EmptyFieldsLogin" finished-at="2026-04-13T05:34:41 IST" duration-ms="95" status="PASS">
          <reporter-output>
          </reporter-output>
        </test-method> <!-- verify_EmptyFieldsLogin -->
        <test-method is-config="true" signature="tearDown()[pri:0, instance:com.saucedemo.testCases.TC_001_LoginTest@56303b57]" started-at="2026-04-13T05:34:41 IST" name="tearDown" finished-at="2026-04-13T05:34:41 IST" duration-ms="174" status="PASS">
          <reporter-output>
          </reporter-output>
        </test-method> <!-- tearDown -->
      </class> <!-- com.saucedemo.testCases.TC_001_LoginTest -->
    </test> <!-- Saucedemo Tests -->
  </suite> <!-- Saucedemo Test Suite -->
</testng-results>
